2025-09-12 18:28:13,948 - FR→LSF-SLOWKATHON - INFO - Video index built: 1350 entries from videos
2025-09-12 18:28:13,949 - FR→LSF-SLOWKATHON - INFO - Conjugator initialized with 38 verbs
2025-09-12 18:28:13,951 - FR→LSF-SLOWKATHON - INFO - Enhanced LSF Translator initialized successfully
2025-09-12 18:29:17,747 - FR→LSF-SLOWKATHON - INFO - Conjugator initialized with 38 verbs
2025-09-12 18:29:17,748 - FR→LSF-SLOWKATHON - INFO - Enhanced LSF Translator initialized successfully
2025-09-12 18:29:17,965 - FR→LSF-SLOWKATHON - INFO - Conjugator initialized with 38 verbs
2025-09-12 18:29:17,967 - FR→LSF-SLOWKATHON - INFO - Enhanced LSF Translator initialized successfully
2025-09-13 14:27:46,333 - FR→LSF-SLOWKATHON - INFO - Video index built: 1350 entries from videos
2025-09-13 14:27:46,339 - FR→LSF-SLOWKATHON - INFO - Conjugator initialized with 38 verbs
2025-09-13 14:27:46,345 - FR→LSF-SLOWKATHON - INFO - Enhanced LSF Translator initialized successfully
2025-09-13 14:27:56,157 - FR→LSF-SLOWKATHON - INFO - Conjugator initialized with 38 verbs
2025-09-13 14:27:56,160 - FR→LSF-SLOWKATHON - INFO - Enhanced LSF Translator initialized successfully
2025-09-13 14:28:00,355 - FR→LSF-SLOWKATHON - INFO - Conjugator initialized with 38 verbs
2025-09-13 14:28:00,362 - FR→LSF-SLOWKATHON - INFO - Enhanced LSF Translator initialized successfully
2025-09-13 14:28:04,423 - FR→LSF-SLOWKATHON - WARNING - MP4 encoding failed: got an unexpected keyword argument 'verbose'
2025-09-13 14:28:04,425 - FR→LSF-SLOWKATHON - ERROR - Both MP4 and WebM encoding failed: got an unexpected keyword argument 'verbose'
2025-09-13 14:35:59,676 - FR→LSF-SLOWKATHON - INFO - Video index built: 1350 entries from videos
2025-09-13 14:35:59,680 - FR→LSF-SLOWKATHON - INFO - Conjugator initialized with 38 verbs
2025-09-13 14:35:59,689 - FR→LSF-SLOWKATHON - INFO - Enhanced LSF Translator initialized successfully
2025-09-13 14:36:48,415 - FR→LSF-SLOWKATHON - INFO - Conjugator initialized with 38 verbs
2025-09-13 14:36:48,419 - FR→LSF-SLOWKATHON - INFO - Enhanced LSF Translator initialized successfully
2025-09-13 14:36:48,590 - FR→LSF-SLOWKATHON - INFO - Conjugator initialized with 38 verbs
2025-09-13 14:36:48,596 - FR→LSF-SLOWKATHON - INFO - Enhanced LSF Translator initialized successfully
2025-09-13 14:36:55,581 - FR→LSF-SLOWKATHON - INFO - Conjugator initialized with 38 verbs
2025-09-13 14:36:55,716 - FR→LSF-SLOWKATHON - INFO - Enhanced LSF Translator initialized successfully
2025-09-13 14:52:57,052 - FR→LSF-SLOWKATHON - INFO - Video index built: 1350 entries from videos
2025-09-13 14:52:57,055 - FR→LSF-SLOWKATHON - INFO - Conjugator initialized with 38 verbs
2025-09-13 14:52:57,065 - FR→LSF-SLOWKATHON - INFO - Enhanced LSF Translator initialized successfully
2025-09-13 14:53:31,628 - FR→LSF-SLOWKATHON - INFO - Conjugator initialized with 38 verbs
2025-09-13 14:53:31,639 - FR→LSF-SLOWKATHON - INFO - Enhanced LSF Translator initialized successfully
2025-09-13 14:53:31,855 - FR→LSF-SLOWKATHON - INFO - Conjugator initialized with 38 verbs
2025-09-13 14:53:31,860 - FR→LSF-SLOWKATHON - INFO - Enhanced LSF Translator initialized successfully
2025-09-13 15:10:37,261 - FR→LSF-SLOWKATHON - INFO - Video index built: 1350 entries from videos
2025-09-13 15:10:37,263 - FR→LSF-SLOWKATHON - INFO - Conjugator initialized with 38 verbs
2025-09-13 15:10:37,268 - FR→LSF-SLOWKATHON - INFO - Enhanced LSF Translator initialized successfully
2025-09-13 15:10:49,201 - FR→LSF-SLOWKATHON - INFO - Conjugator initialized with 38 verbs
2025-09-13 15:10:49,211 - FR→LSF-SLOWKATHON - INFO - Enhanced LSF Translator initialized successfully
2025-09-13 15:10:49,445 - FR→LSF-SLOWKATHON - INFO - Conjugator initialized with 38 verbs
2025-09-13 15:10:49,448 - FR→LSF-SLOWKATHON - INFO - Enhanced LSF Translator initialized successfully
2025-09-13 20:21:37,903 - FR→LSF-SLOWKATHON - INFO - Video index built: 1350 entries from videos
2025-09-13 20:21:37,907 - FR→LSF-SLOWKATHON - INFO - Conjugator initialized with 38 verbs
2025-09-13 20:21:37,912 - FR→LSF-SLOWKATHON - INFO - Enhanced LSF Translator initialized successfully
2025-09-13 20:21:54,728 - FR→LSF-SLOWKATHON - INFO - Conjugator initialized with 38 verbs
2025-09-13 20:21:54,732 - FR→LSF-SLOWKATHON - INFO - Enhanced LSF Translator initialized successfully
2025-09-13 20:21:54,941 - FR→LSF-SLOWKATHON - INFO - Conjugator initialized with 38 verbs
2025-09-13 20:21:54,944 - FR→LSF-SLOWKATHON - INFO - Enhanced LSF Translator initialized successfully
2025-09-13 20:22:23,887 - FR→LSF-SLOWKATHON - INFO - Conjugator initialized with 38 verbs
2025-09-13 20:22:23,901 - FR→LSF-SLOWKATHON - INFO - Enhanced LSF Translator initialized successfully
2025-09-14 11:18:29,879 - LSF-TRANSLATOR - INFO - Video index built: 1350 entries from videos
2025-09-14 11:18:29,931 - LSF-TRANSLATOR - INFO - Enhanced LSF Translator initialized with 3784 entries
2025-09-14 11:18:49,100 - LSF-TRANSLATOR - INFO - Video index built: 1350 entries from videos
2025-09-14 11:18:49,160 - LSF-TRANSLATOR - INFO - Enhanced LSF Translator initialized with 3784 entries
2025-09-14 11:18:49,361 - LSF-TRANSLATOR - INFO - Video index built: 1350 entries from videos
2025-09-14 11:18:49,445 - LSF-TRANSLATOR - INFO - Enhanced LSF Translator initialized with 3784 entries
2025-09-14 12:07:39,686 - LSF-TRANSLATOR - INFO - Video index built: 1350 entries from videos
2025-09-14 12:07:39,721 - LSF-TRANSLATOR - INFO - Enhanced LSF Translator initialized with 3784 entries
2025-09-14 12:07:56,160 - LSF-TRANSLATOR - INFO - Video index built: 1350 entries from videos
2025-09-14 12:07:56,211 - LSF-TRANSLATOR - INFO - Enhanced LSF Translator initialized with 3784 entries
2025-09-14 12:07:56,374 - LSF-TRANSLATOR - INFO - Video index built: 1350 entries from videos
2025-09-14 12:07:56,418 - LSF-TRANSLATOR - INFO - Enhanced LSF Translator initialized with 3784 entries
2025-09-14 12:13:05,617 - LSF-TRANSLATOR - INFO - Video index built: 1350 entries from videos
2025-09-14 12:13:05,663 - LSF-TRANSLATOR - INFO - Enhanced LSF Translator initialized with 3784 entries
2025-09-14 12:13:05,720 - LSF-TRANSLATOR - INFO - Video index built: 1350 entries from videos
2025-09-14 12:13:05,748 - LSF-TRANSLATOR - INFO - Enhanced LSF Translator initialized with 3784 entries
2025-09-14 12:13:33,855 - LSF-TRANSLATOR - INFO - Video index built: 1350 entries from videos
2025-09-14 12:13:33,896 - LSF-TRANSLATOR - INFO - Enhanced LSF Translator initialized with 3784 entries
2025-09-14 12:13:33,982 - LSF-TRANSLATOR - INFO - Video index built: 1350 entries from videos
2025-09-14 12:13:34,027 - LSF-TRANSLATOR - INFO - Enhanced LSF Translator initialized with 3784 entries
2025-09-14 12:14:04,511 - LSF-TRANSLATOR - INFO - Video index built: 1350 entries from videos
2025-09-14 12:14:04,558 - LSF-TRANSLATOR - INFO - Enhanced LSF Translator initialized with 3784 entries
2025-09-14 12:14:04,731 - LSF-TRANSLATOR - INFO - Video index built: 1350 entries from videos
2025-09-14 12:14:04,773 - LSF-TRANSLATOR - INFO - Enhanced LSF Translator initialized with 3784 entries
2025-09-14 12:14:18,085 - LSF-TRANSLATOR - INFO - Video index built: 1350 entries from videos
2025-09-14 12:14:18,131 - LSF-TRANSLATOR - INFO - Enhanced LSF Translator initialized with 3784 entries
2025-09-14 12:14:18,264 - LSF-TRANSLATOR - INFO - Video index built: 1350 entries from videos
2025-09-14 12:14:18,334 - LSF-TRANSLATOR - INFO - Enhanced LSF Translator initialized with 3784 entries
2025-09-14 12:14:54,233 - LSF-TRANSLATOR - INFO - Video index built: 1350 entries from videos
2025-09-14 12:14:54,286 - LSF-TRANSLATOR - INFO - Enhanced LSF Translator initialized with 3784 entries
2025-09-14 12:15:29,416 - LSF-TRANSLATOR - INFO - Video index built: 1350 entries from videos
2025-09-14 12:15:29,528 - LSF-TRANSLATOR - INFO - Enhanced LSF Translator initialized with 3784 entries
2025-09-14 12:15:29,679 - LSF-TRANSLATOR - INFO - Video index built: 1350 entries from videos
2025-09-14 12:15:29,738 - LSF-TRANSLATOR - INFO - Enhanced LSF Translator initialized with 3784 entries
2025-09-14 12:16:50,060 - LSF-TRANSLATOR - INFO - Video index built: 1350 entries from videos
2025-09-14 12:16:50,086 - LSF-TRANSLATOR - INFO - Enhanced LSF Translator initialized with 3781 entries
2025-09-14 12:17:07,575 - LSF-TRANSLATOR - INFO - Video index built: 1350 entries from videos
2025-09-14 12:17:07,677 - LSF-TRANSLATOR - INFO - Enhanced LSF Translator initialized with 3781 entries
2025-09-14 12:17:07,858 - LSF-TRANSLATOR - INFO - Video index built: 1350 entries from videos
2025-09-14 12:17:07,920 - LSF-TRANSLATOR - INFO - Enhanced LSF Translator initialized with 3781 entries
2025-09-14 14:27:54,289 - LSF-TRANSLATOR - INFO - Video index built: 1350 entries from videos
2025-09-14 14:27:54,354 - LSF-TRANSLATOR - INFO - Enhanced LSF Translator initialized with 3784 entries
2025-09-14 14:28:07,400 - LSF-TRANSLATOR - INFO - Video index built: 1350 entries from videos
2025-09-14 14:28:07,453 - LSF-TRANSLATOR - INFO - Enhanced LSF Translator initialized with 3784 entries
2025-09-14 14:28:07,607 - LSF-TRANSLATOR - INFO - Video index built: 1350 entries from videos
2025-09-14 14:28:07,688 - LSF-TRANSLATOR - INFO - Enhanced LSF Translator initialized with 3784 entries
2025-09-14 14:33:25,340 - LSF-TRANSLATOR - INFO - Video index built: 1350 entries from videos
2025-09-14 14:33:25,402 - LSF-TRANSLATOR - INFO - Enhanced LSF Translator initialized with 3784 entries
2025-09-14 14:33:28,918 - LSF-TRANSLATOR - INFO - Video index built: 1350 entries from videos
2025-09-14 14:33:29,061 - LSF-TRANSLATOR - INFO - Enhanced LSF Translator initialized with 3784 entries
2025-09-14 14:33:48,955 - LSF-TRANSLATOR - INFO - Video index built: 1350 entries from videos
2025-09-14 14:33:49,030 - LSF-TRANSLATOR - INFO - Enhanced LSF Translator initialized with 3784 entries
2025-09-14 14:34:10,885 - LSF-TRANSLATOR - INFO - Video generated successfully: C:\Users\PC\AppData\Local\Temp\lsf_translation_26974a41.mp4
2025-09-14 14:34:42,744 - LSF-TRANSLATOR - INFO - Video index built: 1350 entries from videos
2025-09-14 14:34:42,822 - LSF-TRANSLATOR - INFO - Enhanced LSF Translator initialized with 3784 entries
2025-09-14 14:34:43,058 - LSF-TRANSLATOR - INFO - Video index built: 1350 entries from videos
2025-09-14 14:34:43,139 - LSF-TRANSLATOR - INFO - Enhanced LSF Translator initialized with 3784 entries
2025-09-14 14:34:45,794 - LSF-TRANSLATOR - INFO - Video index built: 1350 entries from videos
2025-09-14 14:34:45,850 - LSF-TRANSLATOR - INFO - Enhanced LSF Translator initialized with 3784 entries
2025-09-14 14:34:55,021 - LSF-TRANSLATOR - INFO - Video index built: 1350 entries from videos
2025-09-14 14:34:55,200 - LSF-TRANSLATOR - INFO - Enhanced LSF Translator initialized with 3784 entries
2025-09-14 14:53:55,584 - LSF-TRANSLATOR - INFO - Video index built: 1350 entries from videos
2025-09-14 14:53:55,635 - LSF-TRANSLATOR - INFO - Enhanced LSF Translator initialized with 3784 entries
2025-09-14 14:54:29,895 - LSF-TRANSLATOR - INFO - Video index built: 1350 entries from videos
2025-09-14 14:54:29,996 - LSF-TRANSLATOR - INFO - Enhanced LSF Translator initialized with 3784 entries
2025-09-14 15:01:46,778 - LSF-TRANSLATOR - INFO - Video index built: 1350 entries from videos
2025-09-14 15:01:46,824 - LSF-TRANSLATOR - INFO - Enhanced LSF Translator initialized with 3784 entries
2025-09-14 15:01:46,945 - LSF-TRANSLATOR - INFO - Video index built: 1350 entries from videos
2025-09-14 15:01:47,005 - LSF-TRANSLATOR - INFO - Enhanced LSF Translator initialized with 3784 entries
2025-09-14 15:24:33,750 - LSF-TRANSLATOR - INFO - Video index built: 1350 entries from videos
2025-09-14 15:24:33,815 - LSF-TRANSLATOR - INFO - Enhanced LSF Translator initialized with 3784 entries
2025-09-14 15:46:21,499 - LSF-TRANSLATOR - INFO - Video index built: 1350 entries from videos
2025-09-14 15:46:21,574 - LSF-TRANSLATOR - INFO - Enhanced LSF Translator initialized with 3784 entries
2025-09-14 15:46:23,983 - LSF-TRANSLATOR - INFO - Video index built: 1350 entries from videos
2025-09-14 15:46:24,038 - LSF-TRANSLATOR - INFO - Enhanced LSF Translator initialized with 3784 entries
2025-09-14 16:00:52,880 - LSF-TRANSLATOR - INFO - Video index built: 1350 entries from videos
2025-09-14 16:00:52,932 - LSF-TRANSLATOR - INFO - Enhanced LSF Translator initialized with 3784 entries
2025-09-14 16:01:07,112 - LSF-TRANSLATOR - INFO - Video index built: 1350 entries from videos
2025-09-14 16:01:07,168 - LSF-TRANSLATOR - INFO - Enhanced LSF Translator initialized with 3784 entries
2025-09-14 16:01:07,267 - LSF-TRANSLATOR - INFO - Video index built: 1350 entries from videos
2025-09-14 16:01:07,392 - LSF-TRANSLATOR - INFO - Enhanced LSF Translator initialized with 3784 entries
2025-09-14 16:01:51,035 - LSF-TRANSLATOR - INFO - Video index built: 1350 entries from videos
2025-09-14 16:01:51,196 - LSF-TRANSLATOR - INFO - Enhanced LSF Translator initialized with 3784 entries
2025-09-14 16:01:51,230 - LSF-TRANSLATOR - INFO - Video index built: 1350 entries from videos
2025-09-14 16:01:51,284 - LSF-TRANSLATOR - INFO - Enhanced LSF Translator initialized with 3784 entries
2025-09-14 16:31:40,185 - LSF-TRANSLATOR - INFO - Video index built: 1350 entries from videos
2025-09-14 16:31:40,239 - LSF-TRANSLATOR - INFO - Enhanced LSF Translator initialized with 3784 entries
2025-09-14 18:42:03,723 - LSF-TRANSLATOR - INFO - Video index built: 1350 entries from videos
2025-09-14 18:42:03,740 - LSF-TRANSLATOR - INFO - Enhanced LSF Translator initialized with 3784 entries
2025-09-14 18:52:23,448 - LSF-TRANSLATOR - INFO - Video index built: 1350 entries from videos
2025-09-14 18:52:23,467 - LSF-TRANSLATOR - INFO - Enhanced LSF Translator initialized with 3784 entries
2025-09-14 19:00:32,638 - LSF-TRANSLATOR - INFO - Video index built: 1350 entries from videos
2025-09-14 19:00:32,659 - LSF-TRANSLATOR - INFO - Enhanced LSF Translator initialized with 3784 entries
2025-09-14 19:03:15,213 - LSF-TRANSLATOR - INFO - Video index built: 1350 entries from videos
2025-09-14 19:03:15,240 - LSF-TRANSLATOR - INFO - Enhanced LSF Translator initialized with 3784 entries
2025-09-14 19:10:26,933 - LSF-TRANSLATOR - INFO - Video index built: 1350 entries from videos
2025-09-14 19:10:26,956 - LSF-TRANSLATOR - INFO - Enhanced LSF Translator initialized with 3784 entries
2025-09-14 19:18:28,580 - LSF-TRANSLATOR - INFO - Video index built: 1350 entries from videos
2025-09-14 19:18:28,596 - LSF-TRANSLATOR - INFO - Enhanced LSF Translator initialized with 3784 entries
2025-09-14 19:18:30,902 - LSF-TRANSLATOR - INFO - Video index built: 1350 entries from videos
2025-09-14 19:18:30,928 - LSF-TRANSLATOR - INFO - Enhanced LSF Translator initialized with 3784 entries
2025-09-14 19:52:05,682 - LSF-TRANSLATOR - INFO - Video index built: 1350 entries from videos
2025-09-14 19:52:05,700 - LSF-TRANSLATOR - INFO - Enhanced LSF Translator initialized with 3784 entries
2025-09-14 19:52:30,305 - LSF-TRANSLATOR - INFO - Video index built: 1350 entries from videos
2025-09-14 19:52:30,322 - LSF-TRANSLATOR - INFO - Enhanced LSF Translator initialized with 3784 entries
